<?xml version="1.0" encoding="UTF-8"?>
<!-- Generated by org.testng.reporters.JUnitXMLReporter -->
<testsuite ignored="0" hostname="DESKTOP-4F12GA8" failures="2" tests="2" name="Test" time="11.507" errors="0" timestamp="2024-08-12T16:27:44 IST">
  <testcase classname="CoverFoxtc.ListnerTestClass" name="validateBanners" time="0.007">
    <failure type="java.lang.AssertionError" message="null">
      <![CDATA[java.lang.AssertionError: null
at CoverFoxtc.ListnerTestClass.validateBanners(ListnerTestClass.java:119)
at java.base/java.util.ArrayList.forEach(ArrayList.java:1597)
... Removed 31 stack frames]]>
    </failure>
  </testcase> <!-- validateBanners -->
  <testcase classname="CoverFoxtc.ListnerTestClass" name="validateBanners" time="0.024">
    <failure type="java.lang.NullPointerException" message="Cannot invoke &amp;quot;org.openqa.selenium.TakesScreenshot.getScreenshotAs(org.openqa.selenium.OutputType)&amp;quot; because &amp;quot;driver&amp;quot; is null">
      <![CDATA[java.lang.NullPointerException: Cannot invoke "org.openqa.selenium.TakesScreenshot.getScreenshotAs(org.openqa.selenium.OutputType)" because "driver" is null
at CoverFoxUtility.Utility.TakeScreenShot(Utility.java:22)
at CoverFoxUtility.Listner.onTestFailure(Listner.java:25)
at java.base/java.util.ArrayList.forEach(ArrayList.java:1597)
... Removed 28 stack frames]]>
    </failure>
  </testcase> <!-- validateBanners -->
</testsuite> <!-- Test -->
