<?xml version="1.0" encoding="UTF-8"?>
<testng-results ignored="0" total="2" passed="2" failed="0" skipped="0">
  <reporter-output>
    <line>
      <![CDATA[ TC validateBannersexecution started]]>
    </line>
    <line>
      <![CDATA[ TC validatePresenceOfSortDropdownexecution started]]>
    </line>
  </reporter-output>
  <suite started-at="2024-08-09T16:36:01 IST" name="Suite" finished-at="2024-08-09T16:36:20 IST" duration-ms="18434">
    <groups>
    </groups>
    <test started-at="2024-08-09T16:36:01 IST" name="Test" finished-at="2024-08-09T16:36:20 IST" duration-ms="18434">
      <class name="CoverFoxtc.ListnerTestClass">
        <test-method is-config="true" signature="launchBrowser()[pri:0, instance:CoverFoxtc.ListnerTestClass@74e52ef6]" started-at="2024-08-09T16:36:01 IST" name="launchBrowser" finished-at="2024-08-09T16:36:09 IST" duration-ms="7407" status="PASS">
          <reporter-output>
          </reporter-output>
        </test-method> <!-- launchBrowser -->
        <test-method is-config="true" signature="preconditions()[pri:0, instance:CoverFoxtc.ListnerTestClass@74e52ef6]" started-at="2024-08-09T16:36:09 IST" name="preconditions" finished-at="2024-08-09T16:36:19 IST" duration-ms="10442" status="PASS">
          <reporter-output>
          </reporter-output>
        </test-method> <!-- preconditions -->
        <test-method signature="validateBanners()[pri:0, instance:CoverFoxtc.ListnerTestClass@74e52ef6]" started-at="2024-08-09T16:36:19 IST" name="validateBanners" finished-at="2024-08-09T16:36:20 IST" duration-ms="389" status="PASS">
          <reporter-output>
            <line>
              <![CDATA[ TC validateBannersexecution started]]>
            </line>
          </reporter-output>
        </test-method> <!-- validateBanners -->
        <test-method signature="validatePresenceOfSortDropdown()[pri:0, instance:CoverFoxtc.ListnerTestClass@74e52ef6]" started-at="2024-08-09T16:36:20 IST" name="validatePresenceOfSortDropdown" finished-at="2024-08-09T16:36:20 IST" duration-ms="82" status="PASS">
          <reporter-output>
            <line>
              <![CDATA[ TC validatePresenceOfSortDropdownexecution started]]>
            </line>
          </reporter-output>
        </test-method> <!-- validatePresenceOfSortDropdown -->
        <test-method is-config="true" signature="closeBrowser()[pri:0, instance:CoverFoxtc.ListnerTestClass@74e52ef6]" started-at="2024-08-09T16:36:20 IST" name="closeBrowser" finished-at="2024-08-09T16:36:20 IST" duration-ms="2" status="PASS">
          <reporter-output>
          </reporter-output>
        </test-method> <!-- closeBrowser -->
      </class> <!-- CoverFoxtc.ListnerTestClass -->
    </test> <!-- Test -->
  </suite> <!-- Suite -->
</testng-results>
